[    0.000000] Initializing cgroup subsys cpuset
[    0.000000] Initializing cgroup subsys cpu
[    0.000000] Initializing cgroup subsys cpuacct
[    0.000000] Linux version 4.4.0-148-generic (buildd@lgw01-amd64-031) (gcc version 5.4.0 20160609 (Ubuntu 5.4.0-6ubuntu1~16.04.10) ) #174-Ubuntu SMP Tue May 7 12:20:14 UTC 2019 (Ubuntu 4.4.0-148.174-generic 4.4.177)
[    0.000000] Command line: BOOT_IMAGE=/boot/vmlinuz-4.4.0-148-generic root=UUID=2f3ad447-cc37-48da-a5e8-d7f16b7f0182 ro console=tty1 console=ttyS0
[    0.000000] KERNEL supported cpus:
[    0.000000]   Intel GenuineIntel
[    0.000000]   AMD AuthenticAMD
[    0.000000]   Centaur CentaurHauls
[    0.000000] x86/fpu: xstate_offset[2]:  576, xstate_sizes[2]:  256
[    0.000000] x86/fpu: Supporting XSAVE feature 0x01: 'x87 floating point registers'
[    0.000000] x86/fpu: Supporting XSAVE feature 0x02: 'SSE registers'
[    0.000000] x86/fpu: Supporting XSAVE feature 0x04: 'AVX registers'
[    0.000000] x86/fpu: Enabled xstate features 0x7, context size is 832 bytes, using 'standard' format.
[    0.000000] e820: BIOS-provided physical RAM map:
[    0.000000] BIOS-e820: [mem 0x0000000000000000-0x000000000009fbff] usable
[    0.000000] BIOS-e820: [mem 0x000000000009fc00-0x000000000009ffff] reserved
[    0.000000] BIOS-e820: [mem 0x00000000000f0000-0x00000000000fffff] reserved
[    0.000000] BIOS-e820: [mem 0x0000000000100000-0x000000003ffeffff] usable
[    0.000000] BIOS-e820: [mem 0x000000003fff0000-0x000000003fffffff] ACPI data
[    0.000000] BIOS-e820: [mem 0x00000000fec00000-0x00000000fec00fff] reserved
[    0.000000] BIOS-e820: [mem 0x00000000fee00000-0x00000000fee00fff] reserved
[    0.000000] BIOS-e820: [mem 0x00000000fffc0000-0x00000000ffffffff] reserved
[    0.000000] NX (Execute Disable) protection: active
[    0.000000] SMBIOS 2.5 present.
[    0.000000] Hypervisor detected: KVM
[    0.000000] e820: last_pfn = 0x3fff0 max_arch_pfn = 0x400000000
[    0.000000] MTRR: Disabled
[    0.000000] x86/PAT: MTRRs disabled, skipping PAT initialization too.
[    0.000000] CPU MTRRs all blank - virtualized system.
[    0.000000] x86/PAT: Configuration [0]:B  WT  - UC  WB  WT  UC- UC  
[    0.000000] found SMP MP-table at [mem 0x0009fff0-0x0009ffff] mapped at [ffff88000009fff0]
[    0.000000] Scanning 1 areas for low memory corruption
[    0.000000] RAMDISK: [mem 0x361e8000-0x370ebfff]
[    0.000000] ACPI: Early table checksum verification disabled
[    0.000000] ACPI: RSDP 0x00000000000E0000 000024 (v02 VBOX  )
[    0.000000] ACPI: XSDT 0x000000003FFF0030 00003C (v01 OX   VBOXXSDT 00000001 ASL  00000061)
[    0.000000] ACPI: FACP 0x000000003FFF00F0 0000F4 (v04 VBOX   VBOXFACP 00000001 ASL  00000061)
[    0.000000] ACPI: DSDT 0x000000003FFF0470 0021FF (v02 VBOX   VBOXBIOS 00000002 INTL 20180105)
[    0.000000] ACPI: FACS 0x000000003FFF0200 000040
[    0.000000] ACPI: FACS 0x000000003FFF0200 000040
[    0.000000] ACPI: APIC 0x000000003FFF0240 00005C (v02 VBOX   VBOXAPIC 00000001 ASL  00000061)
[    0.000000] ACPI: SSDT 0x000000003FFF02A0 0001CC (v01 VBOX   VBOXCPUT 00000002 INTL 20180105)
[    0.000000] No NUMA configuration found
[    0.000000] Faking a node at [mem 0x0000000000000000-0x000000003ffeffff]
[    0.000000] NODE_DATA(0) allocated [mem 0x3ffeb000-0x3ffeffff]
[    0.000000] kvm-clock: Using msrs 4b564d01 and 4b564d00
[    0.000000] kvm-clock: cpu 0, msr 0:3ffe3001, primary cpu clock
[    0.000000] kvm-clock: using sched offset of 3128925384 cycles
[    0.000000] clocksource: kvm-clock: mask: 0xffffffffffffffff max_cycles: 0x1cd42e4dffb, max_idle_ns: 881590591483 ns
[    0.000000] Zone ranges:
[    0.000000]   DMA      [mem 0x0000000000001000-0x0000000000ffffff]
[    0.000000]   DMA32    [mem 0x0000000001000000-0x000000003ffeffff]
[    0.000000]   Normal   empty
[    0.000000]   Device   empty
[    0.000000] Movable zone start for each node
[    0.000000] Early memory node ranges
[    0.000000]   node   0: [mem 0x0000000000001000-0x000000000009efff]
[    0.000000]   node   0: [mem 0x0000000000100000-0x000000003ffeffff]
[    0.000000] Initmem setup node 0 [mem 0x0000000000001000-0x000000003ffeffff]
[    0.000000] ACPI: PM-Timer IO Port: 0x4008
[    0.000000] IOAPIC[0]: apic_id 2, version 32, address 0xfec00000, GSI 0-23
[    0.000000] ACPI: INT_SRC_OVR (bus 0 bus_irq 0 global_irq 2 dfl dfl)
[    0.000000] ACPI: INT_SRC_OVR (bus 0 bus_irq 9 global_irq 9 low level)
[    0.000000] Using ACPI (MADT) for SMP configuration information
[    0.000000] smpboot: Allowing 2 CPUs, 0 hotplug CPUs
[    0.000000] PM: Registered nosave memory: [mem 0x00000000-0x00000fff]
[    0.000000] PM: Registered nosave memory: [mem 0x0009f000-0x0009ffff]
[    0.000000] PM: Registered nosave memory: [mem 0x000a0000-0x000effff]
[    0.000000] PM: Registered nosave memory: [mem 0x000f0000-0x000fffff]
[    0.000000] e820: [mem 0x40000000-0xfebfffff] available for PCI devices
[    0.000000] Booting paravirtualized kernel on KVM
[    0.000000] clocksource: refined-jiffies: mask: 0xffffffff max_cycles: 0xffffffff, max_idle_ns: 7645519600211568 ns
[    0.000000] setup_percpu: NR_CPUS:512 nr_cpumask_bits:512 nr_cpu_ids:2 nr_node_ids:1
[    0.0000] RCPU: Embedded 34 pages/cpu @ffff88003fc00000 s99480 r8192 d31592 u1048576
[    0.000000] Built 1 zonelists in Node order, mobility grouping on.  Total pages: 257912
[    0.000000] Policy zone: DMA32
[    0.000000] Kernel command line: BOOT_IMAGE=/boot/vmlinuz-4.4.0-148-generic root=UUID=2f3ad447-cc37-48da-a5e8-d7f16b7f0182 ro console=tty1 console=ttyS0
[    0.000000] PID hash table entries: 4096 (order: 3, 32768 bytes)
[    0.000000] Memory: 997184K/1048120K available (8609K kernel code, 1334K rwdata, 4028K rodata, 1484K init, 1284K bss, 50936K reserved, 0K cma-reserved)
[    0.000000] SLUB: HWalign=64, Order=0-3, MinObjects=0, CPUs=2, Nodes=1
[    0.000000] Kernel/User page tables isolation: enabled
[    0.000000] Hierarchical RCU implementation.
[    0.000000] 	Build-time adjustment of leaf fanout to 64.
[    0.000000] 	RCU restricting CPUs from NR_CPUS=512 to nr_cpu_ids=2.
[    0.000000] RCU: Adjusting geometry for rcu_fanout_leaf=64, nr_cpu_ids=2
[    0.000000] NR_IRQS:33024 nr_irqs:440 16
[    0.000000] Console: colour VGA+ 80x25
[    0.000000] console [tty1] enabled
[    0.000000] console [ttyS0] enabled
[    0.000000] tsc: Detected 2207.998 MHz processor
[    0.303853] Calibrating delay loop (skipped) preset value.. 4415.99 BogoMIPS (lpj=8831992)
[    0.305067] pid_max: default: 32768 minimum: 301
[    0.305721] ACPI: Core revision 20150930
[    0.307061] ACPI: 2 ACPI AML tables successfully acquired and loaded
[    0.308013] Security Framework initialized
[    0.308609] Yama: becoming mindful.
[    0.309160] AppArmor: AppArmor initialized
[    0.309814] Dentry cache hash table entries: 131072 (order: 8, 1048576 bytes)
[    0.311167] Inode-cache hash table entries: 65536 (order: 7, 524288 bytes)
[    0.312126] Mount-cache hash table entries: 2048 (order: 2, 16384 bytes)
[    0.312983] Mountpoint-cache hash table entries: 2048 (order: 2, 16384 bytes)
[    0.313998] Initializing cgroup subsys io
[    0.314597] Initializing cgroup subsys memory
[    0.315247] Initializing cgroup subsys devices
[    0.315882] Initializing cgroup subsys freezer
[    0.316520] Initializing cgroup subsys net_cls
[    0.317153] Initializing cgroup subsys perf_event
[    0.317810] Initializing cgroup subsys net_prio
[    0.318459] Initializing cgroup subsys hugetlb
[    0.319109] Initializing cgroup subsys pids
[    0.321335] mce: CPU supports 0 MCE banks
[    0.321941] Last level iTLB entries: 4KB 64, 2MB 8, 4MB 8
[    0.322672] Last level dTLB entries: 4KB 64, 2MB 0, 4MB 0, 1GB 4
[    0.323477] Spectre V2 : Mitigation: Full generic retpoline
[    0.324215] Spectre V2 : Spectre v2 / SpectreRSB mitigation: Filling RSB on context switch
[    0.325373] Speculative Store Bypass: Vulnerable
[    0.326089] MDS: Vulnerable: Clear CPU buffers attempted, no microcode
[    0.329013] Freeing SMP alternatives memory: 36K
[    0.333931] ftrace: allocating 32293 entries in 127 pages
[    0.383012] smpboot: APIC(0) Converting physical 0 to logical package 0
[    0.402998] smpboot: Max logical packages: 1
[    0.403839] x2apic enabled
[    0.404495] Switched APIC routing to physical x2apic.
[    0.406131] ..TIMER: vector=0x30 apic1=0 pin1=2 apic2=-1 pin2=-1
[    0.514633] smpboot: CPU0: Intel(R) Core(TM) i5-7260U CPU @ 2.20GHz (family: 0x6, model: 0x8e, stepping: 0x9)
[    0.622610] Performance Events: unsupported p6 CPU model 142 no PMU driver, software events only.
[    0.641881] KVM setup paravirtual spinlock
[    0.643097] x86: Booting SMP configuration:
[    0.643714] .... node  #0, CPUs:      #1
[    0.644358] kvm-clock: cpu 1, msr 0:3ffe3041, secondary cpu clock
[    0.646635] mce: CPU supports 0 MCE banks
[    0.649065] x86: Booted up 1 node, 2 CPUs
[    0.649836] smpboot: Total of 2 processors activated (8831.99 BogoMIPS)
[    0.650979] devtmpfs: initialized
[    0.652626] evm: security.selinux
[    0.653165] evm: security.SMACK64
[    0.653692] evm: security.SMACK64EXEC
[    0.654255] evm: security.SMACK64TRANSMUTE
[    0.654853] evm: security.SMACK64MMAP
[    0.655419] evm: security.ima
[    0.655912] evm: security.capability
[    0.656584] clocksource: jiffies: mask: 0xffffffff max_cycles: 0xffffffff, max_idle_ns: 7645041785100000 ns
[    0.657904] futex hash table entries: 512 (order: 3, 32768 bytes)
[    0.658796] pinctrl core: initialized pinctrl subsystem
[    0.659606] RTC time:  7:39:04, date: 06/06/19
[    0.660381] NET: Registered protocol family 16
[    0.671063] cpuidle: using governor ladder
[    0.683098] cpuidle: using governor menu
[    0.683696] PCCT header not found.
[    0.684279] ACPI: bus type PCI registered
[    0.684874] acpiphp: ACPI Hot Plug PCI Controller Driver version: 0.5
[    0.685778] PCI: Using configuration type 1 for base access
[    0.699559] ACPI: Added _OSI(Module Device)
[    0.700185] ACPI: Added _OSI(Processor Device)
[    0.700822] ACPI: Added _OSI(3.0 _SCP Extensions)
[    0.701484] ACPI: Added _OSI(Processor Aggregator Device)
[    0.702757] ACPI: Executed 1 blocks of module-level executable AML code
[    0.705337] ACPI: Interpreter enabled
[    0.705907] ACPI: (supports S0 S5)
[    0.706452] ACPI: Using IOAPIC for interrupt routing
[    0.707264] PCI: Using host bridge windows from ACPI; if necessary, use "pci=nocrs" and report a bug
[    0.711176] ACPI: PCI Root Bridge [PCI0] (domain 0000 [bus 00-ff])
[    0.711994] acpi PNP0A03:00: _OSC: OS supports [ASPM ClockPM Segments MSI]
[    0.712883] acpi PNP0A03:00: _OSC: not requesting OS control; OS requires [ExtendedConfig ASPM ClockPM MSI]
[    0.714206] acpi PNP0A03:00: fail to add MMCONFIG information, can't access extended PCI configuration space under this bridge.
[    0.715871] PCI host bridge to bus 0000:00
[    0.716475] pci_bus 0000:00: root bus resource [io  0x0000-0x0cf7 window]
[    0.717337] pci_bus 0000:00: root bus resource [io  0x0d00-0xffff window]
[    0.718206] pci_bus 0000:00: root bus resource [mem 0x000a0000-0x000bffff window]
[    0.719306] pci_bus 0000:00: root bus resource [mem 0x40000000-0xfdffffff window]
[    0.720403] pci_bus 0000:00: root bus resource [bus 00-ff]
[    0.722266] pci 0000:00:01.1: legacy IDE quirk: reg 0x10: [io  0x01f0-0x01f7]
[    0.723175] pci 0000:00:01.1: legacy IDE quirk: reg 0x14: [io  0x03f6]
[    0.724013] pci 0000:00:01.1: legacy IDE quirk: reg 0x18: [io  0x0170-0x0177]
[    0.724908] pci 0000:00:01.1: legacy IDE quirk: reg 0x1c: [io  0x0376]
[    0.737510] pci 0000:00:07.0: quirk: [io  0x4000-0x403f] claimed by PIIX4 ACPI
[    0.746878] pci 0000:00:07.0: quirk: [io  0x4100-0x410f] claimed by PIIX4 SMB
[    0.760758] ACPI: PCI Interrupt Link [LNKA] (IRQs 5 9 10 *11)
[    0.771978] ACPI: PCI Interrupt Link [LNKB] (IRQs 5 9 *10 11)
[    0.773099] ACPI: PCI Interrupt Link [LNKC] (IRQs 5 *9 10 11)
[    0.774220] ACPI: PCI Interrupt Link [LNKD] (IRQs 5 9 10 *11)
[    0.775372] ACPI: Enabled 2 GPEs in block 00 to 07
[    0.777869] vgaarb: setting as boot device: PCI:0000:00:02.0
[    0.778633] vgaarb: device added: PCI:0000:00:02.0,decodes=io+mem,owns=io+mem,locks=none
[    0.779812] vgaarb: loaded
[    0.780282] vgaarb: bridge control possible 0000:00:02.0
[    0.781197] SCSI subsystem initialized
[    0.781865] ACPI: bus type USB registered
[    0.782487] usbcore: registered new interface driver usbfs
[    0.783234] usbcore: registered new interface driver hub
[    0.783963] usbcore: registered new device driver usb
[    0.784813] PCI: Using ACPI for IRQ routing
[    0.785646] NetLabel: Initializing
[    0.786189] NetLabel:  domain hash size = 128
[    0.786822] NetLabel:  protocols = UNLABELED CIPSOv4
[    0.787848] NetLabel:  unlabeled traffic allowed by default
[    0.788698] amd_nb: Cannot enumerate AMD northbridges
[    0.789433] clocksource: Switched to clocksource kvm-clock
[    0.795182] AppArmor: AppArmor Filesystem Enabled
[    0.795928] pnp: PnP ACPI init
[    0.796983] pnp: PnP ACPI: found 3 devices
[    0.805122] clocksource: acpi_pm: mask: 0xffffff max_cycles: 0xffffff, max_idle_ns: 2085701024 ns
[    0.806416] NET: Registered protocol family 2
[    0.807184] TCP established hash table entries: 8192 (order: 4, 65536 bytes)
[    0.808084] TCP bind hash table entries: 8192 (order: 5, 131072 bytes)
[    0.808933] TCP: Hash tables configured (established 8192 bind 8192)
[    0.809771] UDP hash table entries: 512 (order: 2, 16384 bytes)
[    0.810552] UDP-Lite hash table entries: 512 (order: 2, 16384 bytes)
[    0.811393] NET: Registered protocol family 1
[    0.812028] pci 0000:00:00.0: Limiting direct PCI/PCI transfers
[    0.812825] pci 0000:00:01.0: Activating ISA DMA hang workarounds
[    0.813721] Unpacking initramfs...
[  0948]rengnitrd memory: 15376K
[    1.250249] clocksorc t: sk0xffffffffax_cycles: 0x1fd3b6211b4, max_idle_ns: 440795230313 ns
[    1.668712] platform rtc_cmos: registered platform RTC device (no PNP device found)
[    1.670004] Scanning for low memory corruption every 60 seconds
[    1.671400] audit: initializing netlink subsys (disabled)
[    1.672249] audit: type=2000 audit(1559806749.736:1): initialized
[    1.673365] Initialise system trusted keyring
[    1.674234] HugeTLB registered 2 MB page size, pre-allocated 0 pages
[    1.676231] zbud: loaded
[    1.677075] VFS: Disk quotas dquot_6.6.0
[    1.677777] VFS: Dquot-cache hash table entries: 512 (order 0, 4096 bytes)
[    1.678978] squashfs: version 4.0 (2009/01/31) Phillip Lougher
[    1.680114] fuse init (API version 7.23)
[    1.680945] Key type big_key registered
[    1.681624] Allocating IMA MOK and blacklist keyrings.
[    1.705122] Key type asymmetric registered
[    1.827081] Asymmetric key parser 'x509' registered
[    1.974524] Block layer SCSI generic (bsg) driver version 0.4 loaded (major 249)
[    2.198679] io scheduler noop registered
[    2.272658] io scheduler deadline registered (default)
[    2.273800] io scheduler cfq registered
[    2.274747] pci_hotplug: PCI Hot Plug PCI Core version: 0.5
[    2.275772] pciehp: PCI Express Hot Plug Controller Driver version: 0.4
[    2.277082] ACPI: AC Adapter [AC] (on-line)
[   .278028] input: Power Button as /devices/LNXSYSTM:00/LNXPWRBN:00/input/input0
[     2.323531] ACPI: Power Button [PWRF]
[  2933]nput: Sleep Button as /devices/LNXSYSTM:00/LNXSLPBN:00/input/input1
[    2.842079] ACPI: Sleep Button [SLPF]
[    2.848205] GHES: HEST is not enabled!
[    2.848899] Serial: 8250/16550 driver, 32 ports, IRQ sharing enabled
[    2.871131] 00:02: ttyS0 at I/O 0x3f8 (irq = 4, base_baud = 115200) is a 16550A
[    2.875298] Linux agpgart interface v0.103
[    2.877775] loop: module loaded
[    2.878877] scsi host0: ata_piix
[    2.879638] scsi host1: ata_piix
[    2.880247] ata1: PATA max UDMA/33 cmd 0x1f0 ctl 0x3f6 bmdma 0xd000 irq 14
[    2.881247] ata2: PATA max UDMA/33 cmd 0x170 ctl 0x376 bmdma 0xd008 irq 15
[    2.882364] libphy: Fixed MDIO Bus: probed
[    2.883259] tun: Universal TUN/TAP device driver, 1.6
[    2.884077] tun: (C) 1999-2004 Max Krasnyansky <maxk@qualcomm.com>
[    2.885144] PPP generic driver version 2.4.2
[    2.886021] ehci_hcd: USB 2.0 'Enhanced' Host Controller (EHCI) Driver
[    2.886996] ehci-pci: EHCI PCI platform driver
[    2.887727] ehci-platform: EHCI generic platform driver
[    2.888546] ohci_hcd: USB 1.1 'Open' Host Controller (OHCI) Driver
[    2.889474] ohci-pci: OHCI PCI platform driver
[    2.890232] ohci-platform: OHCI generic platform driver
[    2.891077] uhci_hcd: USB Universal Host Controller Interface driver
[    2.892093] i8042: PNP: PS/2 Controller [PNP0303:PS2K,PNP0f03:PS2M] at 0x60,0x64 irq 1,12
[    2.893835] serio: i8042 KBD port at 0x60,0x64 irq 1
[    2.894649] serio: i8042 AUX port at 0x60,0x64 irq 12
[    2.895695] mousedev: PS/2 mouse device common for all mice
[    2.896918] input: AT Translated Set 2 keyboard as /devices/platform/i8042/serio0/input/input2
[    2.898733] rtc_cmos rtc_cmos: rtc core: registered rtc_cmos as rtc0
[    2.899723] rtc_cmos rtc_cmos: alarms up to one day, 114 bytes nvram
[    2.900671] i2c /dev entries driver
[    2.901326] device-mapper: uevent: version 1.0.3
[    2.902188] device-mapper: ioctl: 4.34.0-ioctl (2015-10-28) initialised: dm-devel@redhat.com
[    2.903588] ledtrig-cpu: registered to indicate activity on CPUs
[    2.904910] NET: Registered protocol family 10
[    2.905917] NET: Registered protocol family 17
[    2.906677] Key type dns_resolver registered
[    2.907913] registered taskstats version 1
[    2.908630] Loading compiled-in X.509 certificates
[    2.909907] Loaded X.509 cert 'Build time autogenerated kernel key: 5103689f9da3e841c6100f8bb032b132cf76e38d'
[    2.911447] zswap: loaded using pool lzo/zbud
[    2.913663] Key type trusted registered
[    2.916783] Key type encrypted registered
[    2.917495] AppArmor: AppArmor sha1 policy hashing enabled
[    2.918364] ima: No TPM chip found, activating TPM-bypass!
[    2.919224] ima: Allocated hash algorithm: sha1
[    2.919977] evm: HMAC attrs: 0x1
[    2.920804]   Magic number: 7:323:672
[    2.921567] rtc_cmos rtc_cmos: setting system clock to 2019-06-06 07:39:07 UTC (1559806747)
[    2.923052] BIOS EDD facility v0.16 2004-Jun-25, 0 devices found
[    2.923957] EDD information not available.
[    3.040604] Freeing unused kernel memory: 1484K
[    3.043081] Write protecting the kernel read-only data: 14336k
[    3.046904] Freeing unused kernel memory: 1620K
[    3.049455] Freeing unused kernel memory: 68K
Loading, please wait...
starting version 229
[    3.079485] random: systemd-udevd: uninitialized urandom read (16 bytes read, 3 bits of entropy available)
[    3.081200] random: udevadm: uninitialized urandom read (16 bytes read, 3 bits of entropy available)
[    3.081256] random: udevadm: uninitialized urandom read (16 bytes read, 3 bits of entropy available)
[    3.090358] random: systemd-udevd: uninitialized urandom read (16 bytes read, 3 bits of entropy available)
[    3.094068] random: systemd-udevd: uninitialized urandom read (16 bytes read, 3 bits of entropy available)
[    3.097567] random: systemd-udevd: uninitialized urandom read (16 bytes read, 3 bits of entropy available)
[    3.099775] random: udevadm: uninitialized urandom read (16 bytes read, 3 bits of entropy available)
[    3.099842] random: udevadm: uninitialized urandom read (16 bytes read, 3 bits of entropy available)
[    3.100056] random: udevadm: uninitialized urandom read (16 bytes read, 3 bits of entropy available)
[    3.100132] random: udevadm: uninitialized urandom read (16 bytes read, 3 bits of entropy available)
[    3.137972] e1000: Intel(R) PRO/1000 Network Driver - version 7.3.21-k8-NAPI
[    3.143140] e1000: Copyright (c) 1999-2006 Intel Corporation.
[    3.147807] Fusion MPT base driver 3.04.20
[    3.148467] Copyright (c) 1999-2008 LSI Corporation
[    3.152810] Fusion MPT SPI Host driver 3.04.20
[    3.155082] mptbase: ioc0: Initiating bringup
[    3.159776] AVX2 version of gcm_enc/dec engaged.
[    3.162177] AES CTR mode by8 optimization enabled
[    3.217845] ioc0: LSI53C1030 A0: Capabilities={Initiator}
[    3.375581] input: ImExPS/2 Generic Explorer Mouse as /devices/platform/i8042/serio1/input/input4
[    3.548869] scsi host2: ioc0: LSI53C1030 A0, FwRev=00000000h, Ports=1, MaxQ=256, IRQ=20
[    3.666715] scsi 2:0:0:0: Direct-Access     VBOX     HARDDISK         1.0  PQ: 0 ANSI: 5
[    3.672037] scsi target2:0:0: Beginning Domain Validation
[    3.677139] scsi target2:0:0: Domain Validation skipping write tests
[    3.680082] scsi target2:0:0: Ending Domain Validation
[    3.682652] scsi target2:0:0: asynchronous
[    3.689175] scsi 2:0:1:0: Direct-Access     VBOX     HARDDISK         1.0  PQ: 0 ANSI: 5
[    3.692888] scsi target2:0:1: Beginning Domain Validation
[    3.696795] scsi target2:0:1: Domain Validation skipping write tests
[    3.699101] scsi target2:0:1: Ending Domain Validation
[    3.700807] scsi target2:0:1: asynchronous
[    3.718599] sd 2:0:0:0: Attached scsi generic sg0 type 0
[    3.719768] sd 2:0:0:0: [sda] 20971520 512-byte logical blocks: (10.7 GB/10.0 GiB)
[    3.722135] sd 2:0:1:0: Attached scsi generic sg1 type 0
[    3.723245] sd 2:0:1:0: [sdb] 20480 512-byte logical blocks: (10.5 MB/10.0 MiB)
[    3.734470] sd 2:0:0:0: [sda] Write Protect is off
[    3.735273] sd 2:0:0:0: [sda] Incomplete mode parameter data
[    3.736073] sd 2:0:0:0: [sda] Assuming drive cache: write through
[    3.736952] sd 2:0:1:0: [sdb] Write Protect is off
[    3.738020] sd 2:0:1:0: [sdb] Incomplete mode parameter data
[    3.738850] sd 2:0:1:0: [sdb] Assuming drive cache: write through
[    3.740859]  sda: sda1
[    3.741846] sd 2:0:0:0: [sda] Attached SCSI disk
[    3.743023] sd 2:0:1:0: [sdb] Attached SCSI disk
[    4.004569] e1000 0000:00:03.0 eth0: (PCI:33MHz:32-bit) 02:30:52:25:60:69
[    4.005611] e1000 0000:00:03.0 eth0: Intel(R) PRO/1000 Network Connection
[    4.332679] e1000 0000:00:08.0 eth1: (PCI:33MHz:32-bit) 08:00:27:4f:93:37
[    4.333734] e1000 0000:00:08.0 eth1: Intel(R) PRO/1000 Network Connection
[    4.335406] e1000 0000:00:03.0 enp0s3: renamed from eth0
[    4.345630] e1000 0000:00:08.0 enp0s8: renamed from eth1
Begin: Loading e[    5.665686] md: linear personality registered for level -1
ssential drivers ... [    5.688318] md: multipath personality registered for level -4
[    5.691040] md: raid0 personality registered for level 0
[    5.694704] md: raid1 personality registered for level 1
[    5.765489] raid6: sse2x1   gen() 11873 MB/s
[    5.837448] raid6: sse2x1   xor()  8831 MB/s
[    5.921487] raid6: sse2x2   gen() 14648 MB/s
[    5.993493] raid6: sse2x2   xor() 10071 MB/s
[    6.065488] raid6: sse2x4   gen() 15332 MB/s
[    6.133441] raid6: sse2x4   xor() 11533 MB/s
[    6.209481] raid6: avx2x1   gen() 23646 MB/s
[    6.277481] raid6: avx2x2   gen() 27556 MB/s
[    6.357480] raid6: avx2x4   gen() 29980 MB/s
[    6.369966] raid6: using algorithm avx2x4 gen() 29980 MB/s
[    6.370708] raid6: using avx2x2 recovery algorithm
[    6.372439] xor: automatically using best checksumming function:
[    6.433817]    avx       : 61924.000 MB/sec
[    6.435502] async_tx: api initialized (async)
[    6.443826] md: raid6 personality registered for level 6
[    6.445725] md: raid5 personality registered for level 5
[    6.446460] md: raid4 personality registered for level 4
[    6.452327] md: raid10 personality registered for level 10
done.
Begin: Running /scripts/init-premount ... done.
Begin: Mounting root file system ... Begin: Running /scripts/local-top ... done.
Begin: Running /scripts/local-premount ... [    6.476423] Btrfs loaded
Scanning for Btrfs filesystems
done.
Warning: fsck no[    6.504955] EXT4-fs (sda1): INFO: recovery required on readonly filesystem
t present, so skipping root file system
[    6.554479] EXT4-fs (sda1): write access will be enabled during recovery
[    6.665338] EXT4-fs (sda1): orphan cleanup on readonly fs
[    6.743950] EXT4-fs (sda1): 10 orphan inodes deleted
[    6.744660] EXT4-fs (sda1): recovery complete
[    6.745775] EXT4-fs (sda1): mounted filesystem with ordered data mode. Opts: (null)
done.
Begin: Running /scripts/local-bottom ... done.
Begin: Running /scripts/init-bottom ... done.
[    6.863240] systemd[1]: systemd 229 running in system mode. (+PAM +AUDIT +SELINUX +IMA +APPARMOR +SMACK +SYSVINIT +UTMP +LIBCRYPTSETUP +GCRYPT +GNUTLS +ACL +XZ -LZ4 +SECCOMP +BLKID +ELFUTILS +KMOD -IDN)
[    6.867534] systemd[1]: Detected virtualization oracle.
[    6.868836] systemd[1]: Detected architecture x86-64.

Welcome to [1mUbuntu 16.04.6 LTS[0m!

[    6.873722] systemd[1]: Set hostname to <ubuntu-xenial>.
[    7.038229] systemd[1]: Listening on udev Control Socket.
[[0;32m  OK  [0m] Listening on udev Control Socket.
[    7.221023] systemd[1]: Created slice User and Session Slice.
[[0;32m  OK  [0m] Created slice User and Session Slice.
[    7.222860] systemd[1]: Listening on Device-mapper event daemon FIFOs.
[[0;32m  OK  [0m] Listening on Device-mapper event daemon FIFOs.
[    7.224639] systemd[1]: Listening on Syslog Socket.
[[0;32m  OK  [0m] Listening on Syslog Socket.
[    7.226169] systemd[1]: Listening on LVM2 metadata daemon socket.
[[0;32m  OK  [0m] Listening on LVM2 metadata daemon socket.
[    7.227867] systemd[1]: Listening on udev Kernel Socket.
[[0;32m  OK  [0m] Listening on udev Kernel Socket.
[    7.229435] systemd[1]: Listening on Journal Socket (/dev/log).
[[0;32m  OK  [0m] Listening on Journal Socket (/dev/log).
[    7.231242] systemd[1]: Listening on /dev/initctl Compatibility Named Pipe.
[[0;32m  OK  [0m] Listening on /dev/initctl Compatibility Named Pipe.
[    7.233398] systemd[1]: Reached target Encrypted Volumes.
[[0;32m  OK  [0m] Reached target Encrypted Volumes.
[    7.235255] systemd[1]: Listening on Journal Socket.
[[0;32m  OK  [0m] Listening on Journal Socket.
[    7.236976] systemd[1]: Reached target System Time Synchronized.
[[0;32m  OK  [0m] Reached target System Time Synchronized.
[    7.238941] systemd[1]: Listening on LVM2 poll daemon socket.
[[0;32m  OK  [0m] Listening on LVM2 poll daemon socket.
[    7.240845] systemd[1]: Started Forward Password Requests to Wall Directory Watch.
[[0;32m  OK  [0m] Started Forward Password Requests to Wall Directory Watch.
[    7.243322] systemd[1]: Listening on Journal Audit Socket.
[[0;32m  OK  [0m] Listening on Journal Audit Socket.
[    7.245145] systemd[1]: Reached target User and Group Name Lookups.
[[0;32m  OK  [0m] Reached target User and Group Name Lookups.
[    7.247144] systemd[1]: Reached target Swap.
[[0;32m  OK  [0m] Reached target Swap.
[    7.248730] systemd[1]: Started Trigger resolvconf update for networkd DNS.
[[0;32m  OK  [0m] Started Trigger resolvconf update for networkd DNS.
[    7.251073] systemd[1]: Created slice System Slice.
[[0;32m  OK  [0m] Created slice System Slice.
[    7.261542] systemd[1]: Mounting Huge Pages File System...
         Mounting Huge Pages File System...
[    7.263855] systemd[1]: Starting Remount Root and Kernel File Systems...
[    7.455813] random: nonblocking pool is initialized
         Starting Remount Root and Kernel File Systems...
[    7.494913] systemd[1]: Starting Monitoring of LVM2 mirrors, snapshots etc. using dmeventd or progress polling...
         Starting Monitoring of LVM2 mirrors... dmeventd or progress polling...
[    7.567617] systemd[1]: Starting Uncomplicated firewall...
         Starting Uncompl[    7.584045] EXT4-fs (sda1): re-mounted. Opts: (null)
icated firewall...
[    8.064313] systemd[1]: Mounting POSIX Message Queue File System...
         Mounting POSIX Message Queue File System...
[    8.257194] systemd[1]: Starting Create list of required static device nodes for the current kernel...
         Starting Create list of required st... nodes for the current kernel...
[    8.545808] systemd[1]: Starting Load Kernel Modules...
         Starting Load Kernel Modules...
[    8.574201] systemd[1]: Starting Journal Service...
         Starting Journal Service...
[    8.595406] systemd[1]: Mounting Debug File System...
         Mounting Debug File System...
[    8.597382] systemd[1]: Set up automount Arbitrary Executable File Formats File System Automount Point.
[[0;32m  OK  [0m] Set up automount Arbitrary Executab...ats File System Automount Point.
[    8.606668] Loading iSCSI transport class v2.0-870.
[    8.608375] systemd[1]: Created slice system-serial\x2dgetty.slice.
[[0;32m  OK  [0m] Created slice system-serial\x2dgetty.slice.
[    8.611580] systemd[1]: Starting Nameserver information manager...
         Starting Nameserver information [    8.622075] iscsi: registered transport (tcp)
manager...
[    8.645733] systemd[1]: Starting Set console keymap...
         Starting Set console keymap...
[    8.674809] systemd[1]: Reached target Slices.
[[0;32m  OK  [0m] Reached target S[    8.678837] iscsi: registered transport (iser)
lices.
[    8.684223] systemd[1]: Mounted POSIX Message Queue File System.
[[0;32m  OK  [0m] Mounted POSIX Message Queue File System.
[    8.686484] systemd[1]: Mounted Debug File System.
[[0;32m  OK  [0m] Mounted Debug File System.
[    8.688534] systemd[1]: Mounted Huge Pages File System.
[[0;32m  OK  [0m] Mounted Huge Pages File System.
[    8.691474] systemd[1]: Started Journal Service.
[[0;32m  OK  [0m] Started Journal Service.
[[0;32m  OK  [0m] Started Remount Root and Kernel File Systems.
[[0;32m  OK  [0m] Started Uncomplicated firewall.
[[0;32m  OK  [0m] Started Create list of required sta...ce nodes for the current kernel.
[[0;32m  OK  [0m] Started Load Kernel Modules.
[[0;32m  OK  [0m] Started Set console keymap.
[[0;32m  OK  [0m] Started Nameserver information manager.
[[0;32m  OK  [0m] Started LVM2 metadata daemon.
         Mounting FUSE Control File System...
         Starting Apply Kernel Variables...
         Starting Create Static Device Nodes in /dev...
         Starting udev Coldplug all Devices...
         Starting Load/Save Random Seed...
         Starting Flush Journal to Persistent Storage...
[[0;32m  OK  [0m] Mounted FUSE Control File System.
[[0;32m  OK  [0m] Started Load/Save Random Seed.
[[0;32m  OK  [0m] Started Apply Kernel Variables.
[[0;32m  OK  [0m] Started Create Static Device Nodes in /dev.
[[0;32m  OK  [0m] Started udev Coldplug all Devices.
         Starting udev Kernel Device Manager...
[[0;32m  OK  [0m] Started Flush Journal to Persistent Storage.
[[0;32m  OK  [0m] Started udev Kernel Device Manager.
[[0;32m  OK  [0m] Started Dispatch Password Requests to Console Directory Watch.
[[0;32m  OK  [0m] Found device /dev/ttyS0.
[[0;32m  OK  [0m] Listening on Load/Save RF Kill Switch Status /dev/rfkill Watch.
[[0;32m  OK  [0m] Found device 82540EM Gigabit Ethern...r (PRO/1000 MT Desktop Adapter).
[[0;32m  OK  [0m] Found device 82540EM Gigabit Ethern...r (PRO/1000 MT Desktop Adapter).
[[0;32m  OK  [0m] Started Monitoring of LVM2 mirrors,...ng dmeventd or progress polling.
[[0;32m  OK  [0m] Reached target Local File Systems (Pre).
[[0;32m  OK  [0m] Reached target Local File Systems.
         Starting Create Volatile Files and Directories...
         Starting Tell Plymouth To Write Out Runtime Data...
         Starting LSB: AppArmor initialization...
         Starting Set console font and keymap...
         Starting Initial cloud-init job (pre-networking)...
[[0;32m  OK  [0m] Started Create Volatile Files and Directories.
[[0;32m  OK  [0m] Started Tell Plymouth To Write Out Runtime Data.
         Starting Update UTMP about System Boot/Shutdown...
[[0;32m  OK  [0m] Started Update UTMP about System Boot/Shutdown.
[[0;32m  OK  [0m] Started LSB: AppArmor initialization.
[[0;32m  OK  [0m] Started Set console font and keymap.
[[0;32m  OK  [0m] Created slice system-getty.slice.
[    9.876289] cloud-init[664]: Cloud-init v. 18.5-45-g3554ffe8-0ubuntu1~16.04.1 running 'init-local' at Thu, 06 Jun 2019 07:39:14 +0000. Up 9.65 seconds.
[[0;32m  OK  [0m] Started Initial cloud-init job (pre-networking).
[[0;32m  OK  [0m] Reached target Network (Pre).
[[0;32m  OK  [0m] Started ifup for enp0s8.
[[0;32m  OK  [0m] Started ifup for enp0s3.
         Starting Raise network interfaces...
[[0;32m  OK  [0m] Started Raise network interfaces.
[[0;32m  OK  [0m] Reached target Network.
         Starting Initial cloud-init job (metadata service crawler)...
[   10.483459] cloud-init[1065]: Cloud-init v. 18.5-45-g3554ffe8-0ubuntu1~16.04.1 running 'init' at Thu, 06 Jun 2019 07:39:15 +0000. Up 10.28 seconds.
[   10.485403] cloud-init[1065]: ci-info: ++++++++++++++++++++++++++++++++++++++Net device info+++++++++++++++++++++++++++++++++++++++
[   10.487064] cloud-init[1065]: ci-info: +--------+------+-----------------------------+---------------+--------+-------------------+
[   10.488785] cloud-init[1065]: ci-info: | Device |  Up  |           Address           |      Mask     | Scope  |     Hw-Address    |
[   10.492198] cloud-init[1065]: ci-info: +--------+------+-----------------------------+---------------+--------+-------------------+
[   10.497353] cloud-init[1065]: ci-info: | enp0s3 | True |          10.0.2.15          | 255.255.255.0 | global | 02:30:52:25:60:69 |
[   10.499022] cloud-init[1065]: ci-info: | enp0s3 | True |  fe80::30:52ff:fe25:6069/64 |       .       |  link  | 02:30:52:25:60:69 |
[   10.500704] cloud-init[1065]: ci-info: | enp0s8 | True |        192.168.33.73        | 255.255.255.0 | global | 08:00:27:4f:93:37 |
[   10.502340] cloud-init[1065]: ci-info: | enp0s8 | True | fe80::a00:27ff:fe4f:9337/64 |       .       |  link  | 08:00:27:4f:93:37 |
[   10.508282] cloud-init[1065]: ci-info: |   lo   | True |          127.0.0.1          |   255.0.0.0   |  host  |         .         |
[   10.510004] cloud-init[1065]: ci-info: |   lo   | True |           ::1/128           |       .       |  host  |         .         |
[   10.511657] cloud-init[1065]: ci-info: +--------+------+-----------------------------+---------------+--------+-------------------+
[   10.557333] cloud-init[1065]: ci-info: ++++++++++++++++++++++++++++Route IPv4 info++++++++++++++++++++++++++++
[   10.563522] cloud-init[1065]: ci-info: +-------+--------------+----------+---------------+-----------+-------+
[[0;32m  OK  [0m] Started Initial cloud-init job (metadata service crawler).
[[   10.567149] cloud-init[1065]: ci-info: | Route | Destination  | Gateway  |    Genmask    | Interface | Flags |
[   10.567240] cloud-init[1065]: ci-info: +-------+--------------+----------+---------------+-----------+-------+
[   10.567356] cloud-init[1065]: ci-info: |   0   |   0.0.0.0    | 10.0.2.2 |    0.0.0.0    |   enp0s3  |   UG  |
[   10.567477] cloud-init[1065]: ci-info: |   1   |   10.0.2.0   | 0.0.0.0  | 255.255.255.0 |   enp0s3  |   U   |
[   10.567599] cloud-init[1065]: ci-info: |   2   | 192.168.33.0 | 0.0.0.0  | 255.255.255.0 |   enp0s8  |   U   |
[   10.567722] cloud-init[1065]: ci-info: +-------+--------------+----------+---------------+-----------+-------+
[   10.567844] cloud-init[1065]: ci-info: +++++++++++++++++++Route IPv6 info+++++++++++++++++++
[   10.567969] cloud-init[1065]: ci-info: +-------+-------------+---------+-----------+-------+
[   10.568238] cloud-init[1065]: ci-info: | Route | Destination | Gateway | Interface | Flags |
[   10.568347] cloud-init[1065]: ci-info: +-------+-------------+---------+-----------+-------+
[   10.568469] cloud-init[1065]: ci-info: |   0   |  fe80::/64  |    ::   |   enp0s8  |   U   |
[   10.568592] cloud-init[1065]: ci-info: |   1   |  fe80::/64  |    ::   |   enp0s3  |   U   |
[   10.568712] cloud-init[1065]: ci-info: |   4   |   ff00::/8  |    ::   |   enp0s8  |   U   |
[   10.568835] cloud-init[1065]: ci-info: |   5   |   ff00::/8  |    ::   |   enp0s3  |   U   |
[   10.568957] cloud-init[1065]: ci-info: +-------+-------------+---------+-----------+-------+
[0;32m  OK  [0m] Reached target System Initialization.
[[0;32m  OK  [0m] Started ACPI Events Check.
[[0;32m  OK  [0m] Reached target Paths.
[[0;32m  OK  [0m] Listening on UUID daemon activation socket.
[[0;32m  OK  [0m] Listening on D-Bus System Message Bus Socket.
         Starting Socket activation for snappy daemon.
[[0;32m  OK  [0m] Started Daily Cleanup of Temporary Directories.
[[0;32m  OK  [0m] Started Daily apt download activities.
[[0;32m  OK  [0m] Started Daily apt upgrade and clean activities.
[[0;32m  OK  [0m] Reached target Timers.
         Starting LXD - unix socket.
[[0;32m  OK  [0m] Listening on ACPID Listen Socket.
[[0;32m  OK  [0m] Reached target Cloud-config availability.
[[0;32m  OK  [0m] Reached target Network is Online.
         Starting iSCSI initiator daemon (iscsid)...
[[0;32m  OK  [0m] Listening on Socket activation for snappy daemon.
[[0;32m  OK  [0m] Listening on LXD - unix socket.
[[0;32m  OK  [0m] Started iSCSI initiator daemon (iscsid).
         Starting Login to default iSCSI targets...
[[0;32m  OK  [0m] Reached target Sockets.
[[0;32m  OK  [0m] Reached target Basic System.
         Starting LSB: Record successful boot for GRUB...
         Starting Accounts Service...
         Starting LXD - container startup/shutdown...
         Starting LSB: MD monitoring daemon...
         Starting /etc/rc.local Compatibility...
[[0;32m  OK  [0m] Started D-Bus System Message Bus.
         Starting System Logging Service...
         Starting OpenBSD Secure Shell server...
[[0;32m  OK  [0m] Started Deferred execution scheduler.
[[0;32m  OK  [0m] Started ACPI event daemon.
         Starting Virtualbox guest utils...
[[0;32m  OK  [0m] Started FUSE filesystem for LXC.
         Starting Login Service...
         Starting The PHP 7.0 FastCGI Process Manager...
[[0;32m  OK  [0m] Started Unattended Upgrades Shutdown.
[[0;32m  OK  [0m] Started Regular background program processing daemon.
         Starting Snappy daemon...
[[0;32m  OK  [0m] Started System Logging Service.
[[0;32m  OK  [0m] Started /etc/rc.local Compatibility.
[[0;32m  OK  [0m] Started OpenBSD Secure Shell server.
[[0;32m  OK  [0m] Started LSB: Record successful boot for GRUB.
[[0;32m  OK  [0m] Started LSB: MD monitoring daemon.
[[0;32m  OK  [0m] Started LXD - container startup/shutdown.
[[0;32m  OK  [0m] Started Login to default iSCSI targets.
         Starting Authenticate and Authorize Users to Run Privileged Tasks...
[[0;32m  OK  [0m] Reached target Remote File Systems (Pre).
[[0;32m  OK  [0m] Reached target Remote File Systems.
         Starting LSB: daemon to balance interrupts for SMP systems...
         Starting LSB: Set the CPU Frequency Scaling governor to "ondemand"...
         Starting LSB: Apache2 web server...
         Starting Permit User Sessions...
         Starting LSB: automatic crash report generation...
[[0;32m  OK  [0m] Started Virtualbox guest utils.
[[0;32m  OK  [0m] Started Permit User Sessions.
[[0;32m  OK  [0m] Started Login Service.
[[0;32m  OK  [0m] Started Authenticate and Authorize Users to Run Privileged Tasks.
[[0;32m  OK  [0m] Started Accounts Service.
[[0;32m  OK  [0m] Started LSB: Set the CPU Frequency Scaling governor to "ondemand".
         Starting Terminate Plymouth Boot Screen...
         Starting Hold until boot process finishes up...
[[0;32m  OK  [0m] Started LSB: daemon to balance interrupts for SMP systems.
[[0;32m  OK  [0m] Started LSB: automatic crash report generation.
[[0;32m  OK  [0m] Started Terminate Plymouth Boot Screen.
[[0;32m  OK  [0m] Started Hold until boot process finishes up.
[[0;32m  OK  [0m] Started Snappy daemon.
[[0;32m  OK  [0m] Started The PHP 7.0 FastCGI Process Manager.
         Starting Wait until snapd is fully seeded...
[[0;32m  OK  [0m] Started Getty on tty1.
         Starting Set console scheme...
[[0;32m  OK  [0m] Started Serial Getty on ttyS0.
[[0;32m  OK  [0m] Reached target Login Prompts.
[[0;32m  OK  [0m] Started Wait until snapd is fully seeded.
[[0;32m  OK  [0m] Started Set console scheme.
         Starting Apply the settings specified in cloud-config...
[   11.852741] cloud-init[1342]: Cloud-init v. 18.5-45-g3554ffe8-0ubuntu1~16.04.1 running 'modules:config' at Thu, 06 Jun 2019 07:39:16 +0000. Up 11.77 seconds.
[[0;32m  OK  [0m] Created slice User Slice of vagrant.
         Starting User Manager for UID 1000...
[[0;32m  OK  [0m] Started Apply the settings specified in cloud-config.
[[0;32m  OK  [0m] Started Session 1 of user vagrant.
[[0;32m  OK  [0m] Started User Manager for UID 1000.
[[0;32m  OK  [0m] Started LSB: Apache2 web server.
[[0;32m  OK  [0m] Reached target Multi-User System.
         Starting Execute cloud user/final scripts...
[[0;32m  OK  [0m] Reached target Graphical Interface.
         Starting Update UTMP about System Runlevel Changes...
[[0;32m  OK  [0m] Started Update UTMP about System Runlevel Changes.
[   12.767452] cloud-init[1426]: Cloud-init v. 18.5-45-g3554ffe8-0ubuntu1~16.04.1 running 'modules:final' at Thu, 06 Jun 2019 07:39:17 +0000. Up 12.70 seconds.
[   12.893236] cloud-init[1426]: Cloud-init v. 18.5-45-g3554ffe8-0ubuntu1~16.04.1 finished at Thu, 06 Jun 2019 07:39:17 +0000. Datasource DataSourceNoCloud [seed=/dev/sdb][dsmode=net].  Up 12.76 seconds
[[0;32m  OK  [0m] Started Execute cloud user/final scripts.
[[0;32m  OK  [0m] Reached target Cloud-init target.
         Starting Daily apt download activities...

Ubuntu 16.04.6 LTS ubuntu-xenial ttyS0

ubuntu-xenial login: [[0;32m  OK  [0m] Started ACPI event daemon.
[[0;32m  OK  [0m] Started ACPI event daemon.
         Stopping The PHP 7.0 FastCGI Process Manager...
[[0;32m  OK  [0m] Stopped The PHP 7.0 FastCGI Process Manager.
[[0;32m  OK  [0m] Started ACPI event daemon.
[[0;32m  OK  [0m] Started ACPI event daemon.
[[0;32m  OK  [0m] Started ACPI event daemon.
[[0;32m  OK  [0m] Started ACPI event daemon.
[[0;32m  OK  [0m] Started ACPI event daemon.
         Starting The PHP 7.0 FastCGI Process Manager...
[[0;32m  OK  [0m] Started The PHP 7.0 FastCGI Process Manager.
[[0;32m  OK  [0m] Started ACPI event daemon.
         Stopping LSB: Apache2 web server...
[[0;32m  OK  [0m] Stopped LSB: Apache2 web server.
         Starting LSB: Apache2 web server...
[[0;32m  OK  [0m] Started LSB: Apache2 web server.
[[0;32m  OK  [0m] Started Daily apt upgrade and clean activities.
